<?xml version="1.0" encoding="UTF-8"?>
<!-- Generated by org.testng.reporters.JUnitReportReporter -->
<testsuite name="calling.Skype.TestCase_CallingUserWithDialer" tests="7" time="0.015" ignored="1" failures="0" timestamp="08 May 2018 09:07:51 GMT" skipped="7" hostname="DIN16002999" errors="0">
  <testcase name="searchContact" time="0.001" classname="calling.Skype.TestCase_CallingUserWithDialer">
    <skipped/>
  </testcase> <!-- searchContact -->
  <testcase name="dialNumber" time="0.003" classname="calling.Skype.TestCase_CallingUserWithDialer">
    <skipped/>
  </testcase> <!-- dialNumber -->
  <testcase name="horizontalScroll" time="0.001" classname="calling.Skype.TestCase_CallingUserWithDialer">
    <skipped/>
  </testcase> <!-- horizontalScroll -->
  <testcase name="signout" time="0.002" classname="calling.Skype.TestCase_CallingUserWithDialer">
    <skipped/>
  </testcase> <!-- signout -->
  <testcase name="makingACallThroughDialer" time="0.002" classname="calling.Skype.TestCase_CallingUserWithDialer">
    <skipped/>
  </testcase> <!-- makingACallThroughDialer -->
  <testcase name="saveContact" time="0.002" classname="calling.Skype.TestCase_CallingUserWithDialer">
    <skipped/>
  </testcase> <!-- saveContact -->
  <testcase name="getNumberOfRecords" time="0.004" classname="calling.Skype.TestCase_CallingUserWithDialer">
    <skipped/>
  </testcase> <!-- getNumberOfRecords -->
  <testcase name="setUp" classname="calling.Skype.BaseTestClass">
    <skipped/>
  </testcase> <!-- setUp -->
</testsuite> <!-- calling.Skype.TestCase_CallingUserWithDialer -->
